Determining if the Q_WS_MAC exist failed with the following output:
/usr/bin/gmake -f CMakeFiles/cmTryCompileExec.dir/build.make CMakeFiles/cmTryCompileExec.dir/build
gmake[1]: Entering directory `/proyect/rxwebcam_beta/CMakeFiles/CMakeTmp'
/usr/bin/cmake -E cmake_progress_report /proyect/rxwebcam_beta/CMakeFiles/CMakeTmp/CMakeFiles 1
Building C object CMakeFiles/cmTryCompileExec.dir/CheckSymbolExists.o
/usr/bin/gcc  -I/usr/lib/qt-4.4.1/include   -o CMakeFiles/cmTryCompileExec.dir/CheckSymbolExists.o   -c /proyect/rxwebcam_beta/CMakeFiles/CMakeTmp/CheckSymbolExists.c
/proyect/rxwebcam_beta/CMakeFiles/CMakeTmp/CheckSymbolExists.c: In function 'main':
/proyect/rxwebcam_beta/CMakeFiles/CMakeTmp/CheckSymbolExists.c:8: error: 'Q_WS_MAC' undeclared (first use in this function)
/proyect/rxwebcam_beta/CMakeFiles/CMakeTmp/CheckSymbolExists.c:8: error: (Each undeclared identifier is reported only once
/proyect/rxwebcam_beta/CMakeFiles/CMakeTmp/CheckSymbolExists.c:8: error: for each function it appears in.)
gmake[1]: *** [CMakeFiles/cmTryCompileExec.dir/CheckSymbolExists.o] Error 1
gmake[1]: Leaving directory `/proyect/rxwebcam_beta/CMakeFiles/CMakeTmp'
gmake: *** [cmTryCompileExec/fast] Error 2

File /proyect/rxwebcam_beta/CMakeFiles/CMakeTmp/CheckSymbolExists.c:
/* */
#include <QtCore/qglobal.h>

void cmakeRequireSymbol(int dummy,...){(void)dummy;}
int main()
{
#ifndef Q_WS_MAC
  cmakeRequireSymbol(0,&Q_WS_MAC);
#endif
  return 0;
}

Determining if the Q_WS_WIN exist failed with the following output:
/usr/bin/gmake -f CMakeFiles/cmTryCompileExec.dir/build.make CMakeFiles/cmTryCompileExec.dir/build
gmake[1]: Entering directory `/proyect/rxwebcam_beta/CMakeFiles/CMakeTmp'
/usr/bin/cmake -E cmake_progress_report /proyect/rxwebcam_beta/CMakeFiles/CMakeTmp/CMakeFiles 1
Building C object CMakeFiles/cmTryCompileExec.dir/CheckSymbolExists.o
/usr/bin/gcc  -I/usr/lib/qt-4.4.1/include   -o CMakeFiles/cmTryCompileExec.dir/CheckSymbolExists.o   -c /proyect/rxwebcam_beta/CMakeFiles/CMakeTmp/CheckSymbolExists.c
/proyect/rxwebcam_beta/CMakeFiles/CMakeTmp/CheckSymbolExists.c: In function 'main':
/proyect/rxwebcam_beta/CMakeFiles/CMakeTmp/CheckSymbolExists.c:8: error: 'Q_WS_WIN' undeclared (first use in this function)
/proyect/rxwebcam_beta/CMakeFiles/CMakeTmp/CheckSymbolExists.c:8: error: (Each undeclared identifier is reported only once
/proyect/rxwebcam_beta/CMakeFiles/CMakeTmp/CheckSymbolExists.c:8: error: for each function it appears in.)
gmake[1]: *** [CMakeFiles/cmTryCompileExec.dir/CheckSymbolExists.o] Error 1
gmake[1]: Leaving directory `/proyect/rxwebcam_beta/CMakeFiles/CMakeTmp'
gmake: *** [cmTryCompileExec/fast] Error 2

File /proyect/rxwebcam_beta/CMakeFiles/CMakeTmp/CheckSymbolExists.c:
/* */
#include <QtCore/qglobal.h>

void cmakeRequireSymbol(int dummy,...){(void)dummy;}
int main()
{
#ifndef Q_WS_WIN
  cmakeRequireSymbol(0,&Q_WS_WIN);
#endif
  return 0;
}

